<?xml version="1.0" encoding="UTF-8"?>
<!-- Generated by org.testng.reporters.JUnitXMLReporter -->
<testsuite ignored="0" hostname="LAPTOP-AHR2CD7I" failures="0" tests="7" name="Test" time="12.126" errors="0" timestamp="2025-12-22T12:15:12 IST">
  <testcase classname="_01_Test._01_orangehrmliveTest" name="loginwithcreditials" time="4.569"/>
  <testcase classname="_01_Test._01_orangehrmliveTest" name="test1" time="0.002"/>
  <testcase classname="_01_Test.demo" name="test1" time="0.002"/>
  <testcase classname="_01_Test.test" name="test1" time="0.002"/>
  <testcase classname="_01_Test.test" name="test2" time="0.003"/>
  <testcase classname="_01_Test.test" name="test3" time="0.011"/>
  <testcase classname="_01_Test.test" name="test4" time="0.009"/>
</testsuite> <!-- Test -->
