<?xml version="1.0" encoding="UTF-8"?>
<testng-results ignored="0" total="1" passed="1" failed="0" skipped="0">
  <reporter-output>
  </reporter-output>
  <suite started-at="2025-12-26T12:27:16 IST" name="Default suite" finished-at="2025-12-26T12:27:16 IST" duration-ms="52">
    <groups>
    </groups>
    <test started-at="2025-12-26T12:27:16 IST" name="Default test" finished-at="2025-12-26T12:27:16 IST" duration-ms="52">
      <class name="sept_2025_selenium.A0_recap">
        <test-method signature="test()[pri:0, instance:sept_2025_selenium.A0_recap@54422e18]" started-at="2025-12-26T12:27:16 IST" name="test" finished-at="2025-12-26T12:27:16 IST" duration-ms="10" status="PASS">
          <reporter-output>
          </reporter-output>
        </test-method> <!-- test -->
      </class> <!-- sept_2025_selenium.A0_recap -->
    </test> <!-- Default test -->
  </suite> <!-- Default suite -->
</testng-results>
