<?xml version="1.0" encoding="UTF-8"?>
<!-- Generated by org.testng.reporters.JUnitReportReporter -->
<testsuite hostname="LAPTOP-AHR2CD7I" failures="0" tests="4" name="_01_Test.test" time="0.025" errors="0" timestamp="2025-12-22T12:15:12 IST" skipped="0">
  <testcase classname="_01_Test.test" name="test3" time="0.011"/>
  <testcase classname="_01_Test.test" name="test1" time="0.002"/>
  <testcase classname="_01_Test.test" name="test4" time="0.009"/>
  <testcase classname="_01_Test.test" name="test2" time="0.003"/>
</testsuite> <!-- _01_Test.test -->
