<?xml version="1.0" encoding="UTF-8"?>
<!-- Generated by org.testng.reporters.JUnitReportReporter -->
<testsuite hostname="LAPTOP-AHR2CD7I" failures="0" tests="2" name="_01_Test._01_orangehrmliveTest" time="4.673" errors="0" timestamp="2025-12-22T19:47:38 IST" skipped="0">
  <testcase classname="_01_Test._01_orangehrmliveTest" name="loginwithcreditials" time="4.673"/>
  <testcase classname="_01_Test._01_orangehrmliveTest" name="test1" time="0.000"/>
</testsuite> <!-- _01_Test._01_orangehrmliveTest -->
