<?xml version="1.0" encoding="UTF-8"?>
<!-- Generated by org.testng.reporters.JUnitReportReporter -->
<testsuite hostname="LAPTOP-AHR2CD7I" failures="0" tests="3" name="POM2.A3_TestNG_Annotations" time="0.014" errors="0" timestamp="2025-12-20T13:55:47 IST" skipped="0">
  <testcase classname="POM2.A3_TestNG_Annotations" name="test" time="0.008"/>
  <testcase classname="POM2.A3_TestNG_Annotations" name="test1" time="0.002"/>
  <testcase classname="POM2.A3_TestNG_Annotations" name="test2" time="0.004"/>
</testsuite> <!-- POM2.A3_TestNG_Annotations -->
